Started GET "/cross_origin_storage" for ::1 at 2021-11-27 22:25:45 +0700
  
ActiveRecord::NoDatabaseError (FATAL:  database "cross_origin_host_development" does not exist
):
  
activerecord (6.1.4.1) lib/active_record/connection_adapters/postgresql_adapter.rb:81:in `rescue in new_client'
activerecord (6.1.4.1) lib/active_record/connection_adapters/postgresql_adapter.rb:77:in `new_client'
activerecord (6.1.4.1) lib/active_record/connection_adapters/postgresql_adapter.rb:37:in `postgresql_connection'
activerecord (6.1.4.1) lib/active_record/connection_adapters/abstract/connection_pool.rb:882:in `public_send'
activerecord (6.1.4.1) lib/active_record/connection_adapters/abstract/connection_pool.rb:882:in `new_connection'
activerecord (6.1.4.1) lib/active_record/connection_adapters/abstract/connection_pool.rb:926:in `checkout_new_connection'
activerecord (6.1.4.1) lib/active_record/connection_adapters/abstract/connection_pool.rb:905:in `try_to_checkout_new_connection'
activerecord (6.1.4.1) lib/active_record/connection_adapters/abstract/connection_pool.rb:866:in `acquire_connection'
activerecord (6.1.4.1) lib/active_record/connection_adapters/abstract/connection_pool.rb:588:in `checkout'
activerecord (6.1.4.1) lib/active_record/connection_adapters/abstract/connection_pool.rb:428:in `connection'
activerecord (6.1.4.1) lib/active_record/connection_adapters/abstract/connection_pool.rb:1128:in `retrieve_connection'
activerecord (6.1.4.1) lib/active_record/connection_handling.rb:327:in `retrieve_connection'
activerecord (6.1.4.1) lib/active_record/connection_handling.rb:283:in `connection'
activerecord (6.1.4.1) lib/active_record/migration.rb:611:in `connection'
activerecord (6.1.4.1) lib/active_record/migration.rb:606:in `build_watcher'
activerecord (6.1.4.1) lib/active_record/migration.rb:588:in `block in call'
activerecord (6.1.4.1) lib/active_record/migration.rb:587:in `synchronize'
activerecord (6.1.4.1) lib/active_record/migration.rb:587:in `call'
actionpack (6.1.4.1) lib/action_dispatch/middleware/callbacks.rb:27:in `block in call'
activesupport (6.1.4.1) lib/active_support/callbacks.rb:98:in `run_callbacks'
actionpack (6.1.4.1) lib/action_dispatch/middleware/callbacks.rb:26:in `call'
actionpack (6.1.4.1) lib/action_dispatch/middleware/executor.rb:14:in `call'
actionpack (6.1.4.1) lib/action_dispatch/middleware/actionable_exceptions.rb:18:in `call'
actionpack (6.1.4.1) lib/action_dispatch/middleware/debug_exceptions.rb:29:in `call'
web-console (4.2.0) lib/web_console/middleware.rb:132:in `call_app'
web-console (4.2.0) lib/web_console/middleware.rb:28:in `block in call'
web-console (4.2.0) lib/web_console/middleware.rb:17:in `catch'
web-console (4.2.0) lib/web_console/middleware.rb:17:in `call'
actionpack (6.1.4.1) lib/action_dispatch/middleware/show_exceptions.rb:33:in `call'
railties (6.1.4.1) lib/rails/rack/logger.rb:37:in `call_app'
railties (6.1.4.1) lib/rails/rack/logger.rb:26:in `block in call'
activesupport (6.1.4.1) lib/active_support/tagged_logging.rb:99:in `block in tagged'
activesupport (6.1.4.1) lib/active_support/tagged_logging.rb:37:in `tagged'
activesupport (6.1.4.1) lib/active_support/tagged_logging.rb:99:in `tagged'
railties (6.1.4.1) lib/rails/rack/logger.rb:26:in `call'
sprockets-rails (3.4.1) lib/sprockets/rails/quiet_assets.rb:13:in `call'
actionpack (6.1.4.1) lib/action_dispatch/middleware/remote_ip.rb:81:in `call'
actionpack (6.1.4.1) lib/action_dispatch/middleware/request_id.rb:26:in `call'
rack (2.2.3) lib/rack/method_override.rb:24:in `call'
rack (2.2.3) lib/rack/runtime.rb:22:in `call'
activesupport (6.1.4.1) lib/active_support/cache/strategy/local_cache_middleware.rb:29:in `call'
actionpack (6.1.4.1) lib/action_dispatch/middleware/executor.rb:14:in `call'
actionpack (6.1.4.1) lib/action_dispatch/middleware/static.rb:24:in `call'
rack (2.2.3) lib/rack/sendfile.rb:110:in `call'
actionpack (6.1.4.1) lib/action_dispatch/middleware/host_authorization.rb:98:in `call'
rack-mini-profiler (2.3.3) lib/mini_profiler/profiler.rb:393:in `call'
webpacker (5.4.3) lib/webpacker/dev_server_proxy.rb:25:in `perform_request'
rack-proxy (0.7.0) lib/rack/proxy.rb:63:in `call'
railties (6.1.4.1) lib/rails/engine.rb:539:in `call'
puma (5.5.2) lib/puma/configuration.rb:249:in `call'
puma (5.5.2) lib/puma/request.rb:77:in `block in handle_request'
puma (5.5.2) lib/puma/thread_pool.rb:340:in `with_force_shutdown'
puma (5.5.2) lib/puma/request.rb:76:in `handle_request'
puma (5.5.2) lib/puma/server.rb:447:in `process_client'
puma (5.5.2) lib/puma/thread_pool.rb:147:in `block in spawn_thread'
Started GET "/cross_origin_storage" for ::1 at 2021-11-27 22:26:19 +0700
  
ActiveRecord::NoDatabaseError (FATAL:  database "cross_origin_host_development" does not exist
):
  
activerecord (6.1.4.1) lib/active_record/connection_adapters/postgresql_adapter.rb:81:in `rescue in new_client'
activerecord (6.1.4.1) lib/active_record/connection_adapters/postgresql_adapter.rb:77:in `new_client'
activerecord (6.1.4.1) lib/active_record/connection_adapters/postgresql_adapter.rb:37:in `postgresql_connection'
activerecord (6.1.4.1) lib/active_record/connection_adapters/abstract/connection_pool.rb:882:in `public_send'
activerecord (6.1.4.1) lib/active_record/connection_adapters/abstract/connection_pool.rb:882:in `new_connection'
activerecord (6.1.4.1) lib/active_record/connection_adapters/abstract/connection_pool.rb:926:in `checkout_new_connection'
activerecord (6.1.4.1) lib/active_record/connection_adapters/abstract/connection_pool.rb:905:in `try_to_checkout_new_connection'
activerecord (6.1.4.1) lib/active_record/connection_adapters/abstract/connection_pool.rb:866:in `acquire_connection'
activerecord (6.1.4.1) lib/active_record/connection_adapters/abstract/connection_pool.rb:588:in `checkout'
activerecord (6.1.4.1) lib/active_record/connection_adapters/abstract/connection_pool.rb:428:in `connection'
activerecord (6.1.4.1) lib/active_record/connection_adapters/abstract/connection_pool.rb:1128:in `retrieve_connection'
activerecord (6.1.4.1) lib/active_record/connection_handling.rb:327:in `retrieve_connection'
activerecord (6.1.4.1) lib/active_record/connection_handling.rb:283:in `connection'
activerecord (6.1.4.1) lib/active_record/migration.rb:611:in `connection'
activerecord (6.1.4.1) lib/active_record/migration.rb:606:in `build_watcher'
activerecord (6.1.4.1) lib/active_record/migration.rb:588:in `block in call'
activerecord (6.1.4.1) lib/active_record/migration.rb:587:in `synchronize'
activerecord (6.1.4.1) lib/active_record/migration.rb:587:in `call'
actionpack (6.1.4.1) lib/action_dispatch/middleware/callbacks.rb:27:in `block in call'
activesupport (6.1.4.1) lib/active_support/callbacks.rb:98:in `run_callbacks'
actionpack (6.1.4.1) lib/action_dispatch/middleware/callbacks.rb:26:in `call'
actionpack (6.1.4.1) lib/action_dispatch/middleware/executor.rb:14:in `call'
actionpack (6.1.4.1) lib/action_dispatch/middleware/actionable_exceptions.rb:18:in `call'
actionpack (6.1.4.1) lib/action_dispatch/middleware/debug_exceptions.rb:29:in `call'
web-console (4.2.0) lib/web_console/middleware.rb:132:in `call_app'
web-console (4.2.0) lib/web_console/middleware.rb:28:in `block in call'
web-console (4.2.0) lib/web_console/middleware.rb:17:in `catch'
web-console (4.2.0) lib/web_console/middleware.rb:17:in `call'
actionpack (6.1.4.1) lib/action_dispatch/middleware/show_exceptions.rb:33:in `call'
railties (6.1.4.1) lib/rails/rack/logger.rb:37:in `call_app'
railties (6.1.4.1) lib/rails/rack/logger.rb:26:in `block in call'
activesupport (6.1.4.1) lib/active_support/tagged_logging.rb:99:in `block in tagged'
activesupport (6.1.4.1) lib/active_support/tagged_logging.rb:37:in `tagged'
activesupport (6.1.4.1) lib/active_support/tagged_logging.rb:99:in `tagged'
railties (6.1.4.1) lib/rails/rack/logger.rb:26:in `call'
sprockets-rails (3.4.1) lib/sprockets/rails/quiet_assets.rb:13:in `call'
actionpack (6.1.4.1) lib/action_dispatch/middleware/remote_ip.rb:81:in `call'
actionpack (6.1.4.1) lib/action_dispatch/middleware/request_id.rb:26:in `call'
rack (2.2.3) lib/rack/method_override.rb:24:in `call'
rack (2.2.3) lib/rack/runtime.rb:22:in `call'
activesupport (6.1.4.1) lib/active_support/cache/strategy/local_cache_middleware.rb:29:in `call'
actionpack (6.1.4.1) lib/action_dispatch/middleware/executor.rb:14:in `call'
actionpack (6.1.4.1) lib/action_dispatch/middleware/static.rb:24:in `call'
rack (2.2.3) lib/rack/sendfile.rb:110:in `call'
actionpack (6.1.4.1) lib/action_dispatch/middleware/host_authorization.rb:98:in `call'
rack-mini-profiler (2.3.3) lib/mini_profiler/profiler.rb:393:in `call'
webpacker (5.4.3) lib/webpacker/dev_server_proxy.rb:25:in `perform_request'
rack-proxy (0.7.0) lib/rack/proxy.rb:63:in `call'
railties (6.1.4.1) lib/rails/engine.rb:539:in `call'
puma (5.5.2) lib/puma/configuration.rb:249:in `call'
puma (5.5.2) lib/puma/request.rb:77:in `block in handle_request'
puma (5.5.2) lib/puma/thread_pool.rb:340:in `with_force_shutdown'
puma (5.5.2) lib/puma/request.rb:76:in `handle_request'
puma (5.5.2) lib/puma/server.rb:447:in `process_client'
puma (5.5.2) lib/puma/thread_pool.rb:147:in `block in spawn_thread'
  [1m[35m (158.6ms)[0m  [1m[35mCREATE DATABASE "cross_origin_host_development" ENCODING = 'unicode'[0m
  [1m[35m (74.0ms)[0m  [1m[35mCREATE DATABASE "cross_origin_host_test" ENCODING = 'unicode'[0m
  [1m[35m (9.5ms)[0m  [1m[35mCREATE TABLE "schema_migrations" ("version" character varying NOT NULL PRIMARY KEY)[0m
  [1m[35m (5.7ms)[0m  [1m[35mCREATE TABLE "ar_internal_metadata" ("key" character varying NOT NULL PRIMARY KEY, "value" character varying, "created_at" timestamp(6) NOT NULL, "updated_at" timestamp(6) NOT NULL)[0m
  [1m[35m (0.2ms)[0m  [1m[34mSELECT pg_try_advisory_lock(6512472537137727615)[0m
  [1m[35m (0.3ms)[0m  [1m[34mSELECT "schema_migrations"."version" FROM "schema_migrations" ORDER BY "schema_migrations"."version" ASC[0m
  [1m[36mActiveRecord::InternalMetadata Load (0.2ms)[0m  [1m[34mSELECT "ar_internal_metadata".* FROM "ar_internal_metadata" WHERE "ar_internal_metadata"."key" = $1 LIMIT $2[0m  [["key", "environment"], ["LIMIT", 1]]
  [1m[36mTRANSACTION (0.1ms)[0m  [1m[35mBEGIN[0m
  [1m[36mActiveRecord::InternalMetadata Create (0.3ms)[0m  [1m[32mINSERT INTO "ar_internal_metadata" ("key", "value", "created_at", "updated_at") VALUES ($1, $2, $3, $4) RETURNING "key"[0m  [["key", "environment"], ["value", "development"], ["created_at", "2021-11-27 15:27:10.648116"], ["updated_at", "2021-11-27 15:27:10.648116"]]
  [1m[36mTRANSACTION (0.9ms)[0m  [1m[35mCOMMIT[0m
  [1m[35m (0.2ms)[0m  [1m[34mSELECT pg_advisory_unlock(6512472537137727615)[0m
  [1m[35m (0.3ms)[0m  [1m[34mSELECT "schema_migrations"."version" FROM "schema_migrations" ORDER BY "schema_migrations"."version" ASC[0m
Started GET "/cross_origin_storage" for ::1 at 2021-11-27 22:27:22 +0700
  [1m[35m (0.6ms)[0m  [1m[34mSELECT "schema_migrations"."version" FROM "schema_migrations" ORDER BY "schema_migrations"."version" ASC[0m
Processing by CrossOriginsController#storage as HTML
  Rendering layout layouts/application.html.erb
  Rendering cross_origins/cross_origin_storage.html.erb within layouts/application
  Rendered cross_origins/cross_origin_storage.html.erb within layouts/application (Duration: 0.4ms | Allocations: 276)
[Webpacker] Compiling...
[Webpacker] Compiled all packs in /home/huyphung/workspace/cross-origin/cross-origin-host/public/packs
[Webpacker] Hash: e2a8a876c5815bee1e21
Version: webpack 4.46.0
Time: 1075ms
Built at: 11/27/2021 10:27:25 PM
                                     Asset       Size       Chunks                         Chunk Names
    js/application-e421b4aa3f716bebdab1.js    125 KiB  application  [emitted] [immutable]  application
js/application-e421b4aa3f716bebdab1.js.map    139 KiB  application  [emitted] [dev]        application
                             manifest.json  364 bytes               [emitted]              
Entrypoint application = js/application-e421b4aa3f716bebdab1.js js/application-e421b4aa3f716bebdab1.js.map
[./app/javascript/channels sync recursive _channel\.js$] ./app/javascript/channels sync _channel\.js$ 160 bytes {application} [built]
[./app/javascript/channels/index.js] 211 bytes {application} [built]
[./app/javascript/packs/application.js] 492 bytes {application} [built]
[./node_modules/webpack/buildin/module.js] (webpack)/buildin/module.js 552 bytes {application} [built]
    + 3 hidden modules

  Rendered layout layouts/application.html.erb (Duration: 2105.4ms | Allocations: 14356)
Completed 200 OK in 2115ms (Views: 2108.0ms | ActiveRecord: 0.0ms | Allocations: 17775)


Started GET "/cross_origin_storage" for ::1 at 2021-11-27 22:27:25 +0700
Processing by CrossOriginsController#storage as HTML
  Rendering layout layouts/application.html.erb
  Rendering cross_origins/cross_origin_storage.html.erb within layouts/application
  Rendered cross_origins/cross_origin_storage.html.erb within layouts/application (Duration: 0.1ms | Allocations: 38)
[Webpacker] Everything's up-to-date. Nothing to do
  Rendered layout layouts/application.html.erb (Duration: 3.2ms | Allocations: 2908)
Completed 200 OK in 4ms (Views: 3.5ms | ActiveRecord: 0.0ms | Allocations: 3282)


Started GET "/cross_origin_storage" for ::1 at 2021-11-27 22:27:25 +0700
Processing by CrossOriginsController#storage as HTML
  Rendering layout layouts/application.html.erb
  Rendering cross_origins/cross_origin_storage.html.erb within layouts/application
  Rendered cross_origins/cross_origin_storage.html.erb within layouts/application (Duration: 0.1ms | Allocations: 38)
[Webpacker] Everything's up-to-date. Nothing to do
  Rendered layout layouts/application.html.erb (Duration: 6.5ms | Allocations: 2873)
Completed 200 OK in 8ms (Views: 7.3ms | ActiveRecord: 0.0ms | Allocations: 3322)


Started GET "/cross_origin_storage" for ::1 at 2021-11-27 22:34:07 +0700
Processing by CrossOriginsController#storage as HTML
  Rendering layout layouts/application.html.erb
  Rendering cross_origins/cross_origin_storage.html.erb within layouts/application
  Rendered cross_origins/cross_origin_storage.html.erb within layouts/application (Duration: 0.2ms | Allocations: 115)
[Webpacker] Everything's up-to-date. Nothing to do
  Rendered layout layouts/application.html.erb (Duration: 4.1ms | Allocations: 3188)
Completed 200 OK in 6ms (Views: 5.4ms | Allocations: 4364)


Started GET "/" for ::1 at 2021-11-27 22:46:52 +0700
Processing by Rails::WelcomeController#index as HTML
  Rendering /home/huyphung/.rbenv/versions/3.0.0/lib/ruby/gems/3.0.0/gems/railties-6.1.4.1/lib/rails/templates/rails/welcome/index.html.erb
  Rendered /home/huyphung/.rbenv/versions/3.0.0/lib/ruby/gems/3.0.0/gems/railties-6.1.4.1/lib/rails/templates/rails/welcome/index.html.erb (Duration: 5.8ms | Allocations: 227)
Completed 200 OK in 7ms (Views: 6.5ms | Allocations: 1121)


Started GET "/cross_origin_storage" for ::1 at 2021-11-27 23:54:42 +0700
Processing by CrossOriginsController#storage as HTML
  Rendering cross_origins/cross_origin_storage.html.erb
  Rendered cross_origins/cross_origin_storage.html.erb (Duration: 0.7ms | Allocations: 175)
Completed 200 OK in 2ms (Views: 1.6ms | Allocations: 938)


Started GET "/cross_origin_storage" for ::1 at 2021-11-27 23:55:05 +0700
Processing by CrossOriginsController#storage as HTML
  Rendering cross_origins/cross_origin_storage.html.erb
  Rendered cross_origins/cross_origin_storage.html.erb (Duration: 0.5ms | Allocations: 169)
Completed 200 OK in 3ms (Views: 2.4ms | Allocations: 901)


Started GET "/cross_origin_storage" for ::1 at 2021-11-27 23:56:05 +0700
Processing by CrossOriginsController#storage as HTML
  Rendering cross_origins/cross_origin_storage.html.erb
  Rendered cross_origins/cross_origin_storage.html.erb (Duration: 0.7ms | Allocations: 170)
Completed 200 OK in 5ms (Views: 3.8ms | Allocations: 908)


Started GET "/cross_origin_storage" for ::1 at 2021-11-27 23:56:36 +0700
Processing by CrossOriginsController#storage as HTML
  Rendering cross_origins/cross_origin_storage.html.erb
  Rendered cross_origins/cross_origin_storage.html.erb (Duration: 0.5ms | Allocations: 169)
Completed 200 OK in 3ms (Views: 2.2ms | Allocations: 904)


Started GET "/cross_origin_storage" for ::1 at 2021-11-28 00:00:19 +0700
Processing by CrossOriginsController#storage as HTML
  Rendering cross_origins/cross_origin_storage.html.erb
  Rendered cross_origins/cross_origin_storage.html.erb (Duration: 0.6ms | Allocations: 172)
Completed 200 OK in 3ms (Views: 2.2ms | Allocations: 905)


Started GET "/cross_origin_storage" for ::1 at 2021-11-28 00:00:56 +0700
Processing by CrossOriginsController#storage as HTML
  Rendering cross_origins/cross_origin_storage.html.erb
  Rendered cross_origins/cross_origin_storage.html.erb (Duration: 0.1ms | Allocations: 38)
Completed 200 OK in 1ms (Views: 0.3ms | Allocations: 404)


Started GET "/cross_origin_storage" for ::1 at 2021-11-28 00:06:32 +0700
Processing by CrossOriginsController#storage as HTML
  Rendering cross_origins/cross_origin_storage.html.erb
  Rendered cross_origins/cross_origin_storage.html.erb (Duration: 0.1ms | Allocations: 40)
Completed 200 OK in 2ms (Views: 1.0ms | Allocations: 589)


Started GET "/cross_origin_storage" for ::1 at 2021-11-28 00:06:34 +0700
Processing by CrossOriginsController#storage as HTML
  Rendering cross_origins/cross_origin_storage.html.erb
  Rendered cross_origins/cross_origin_storage.html.erb (Duration: 0.1ms | Allocations: 38)
Completed 200 OK in 1ms (Views: 0.4ms | Allocations: 403)


Started GET "/cross_origin_storage" for ::1 at 2021-11-28 00:07:35 +0700
Processing by CrossOriginsController#storage as HTML
  Rendering cross_origins/cross_origin_storage.html.erb
  Rendered cross_origins/cross_origin_storage.html.erb (Duration: 0.1ms | Allocations: 40)
Completed 200 OK in 1ms (Views: 0.7ms | Allocations: 655)


Started GET "/cross_origin_storage" for ::1 at 2021-11-28 00:07:49 +0700
Processing by CrossOriginsController#storage as HTML
  Rendering cross_origins/cross_origin_storage.html.erb
  Rendered cross_origins/cross_origin_storage.html.erb (Duration: 0.2ms | Allocations: 38)
Completed 200 OK in 2ms (Views: 1.9ms | Allocations: 418)


Started GET "/cross_origin_storage" for ::1 at 2021-11-28 00:08:20 +0700
Processing by CrossOriginsController#storage as HTML
  Rendering cross_origins/cross_origin_storage.html.erb
  Rendered cross_origins/cross_origin_storage.html.erb (Duration: 0.4ms | Allocations: 179)
Completed 200 OK in 3ms (Views: 2.2ms | Allocations: 925)


Started GET "/cross_origin_storage" for ::1 at 2021-11-28 00:08:45 +0700
Processing by CrossOriginsController#storage as HTML
  Rendering cross_origins/cross_origin_storage.html.erb
  Rendered cross_origins/cross_origin_storage.html.erb (Duration: 0.6ms | Allocations: 179)
Completed 200 OK in 3ms (Views: 2.7ms | Allocations: 925)


Started GET "/cross_origin_storage" for ::1 at 2021-11-28 00:09:29 +0700
Processing by CrossOriginsController#storage as HTML
  Rendering cross_origins/cross_origin_storage.html.erb
  Rendered cross_origins/cross_origin_storage.html.erb (Duration: 0.3ms | Allocations: 178)
Completed 200 OK in 2ms (Views: 1.9ms | Allocations: 924)


Started GET "/cross_origin_storage" for ::1 at 2021-11-28 00:10:03 +0700
Processing by CrossOriginsController#storage as HTML
  Rendering cross_origins/cross_origin_storage.html.erb
  Rendered cross_origins/cross_origin_storage.html.erb (Duration: 0.3ms | Allocations: 183)
Completed 200 OK in 2ms (Views: 1.5ms | Allocations: 932)


Started GET "/cross_origin_storage" for ::1 at 2021-11-28 00:11:04 +0700
Processing by CrossOriginsController#storage as HTML
  Rendering cross_origins/cross_origin_storage.html.erb
  Rendered cross_origins/cross_origin_storage.html.erb (Duration: 0.1ms | Allocations: 39)
Completed 200 OK in 1ms (Views: 0.4ms | Allocations: 422)


Started GET "/cross_origin_storage" for ::1 at 2021-11-28 00:11:24 +0700
Processing by CrossOriginsController#storage as HTML
  Rendering cross_origins/cross_origin_storage.html.erb
  Rendered cross_origins/cross_origin_storage.html.erb (Duration: 0.1ms | Allocations: 38)
Completed 200 OK in 2ms (Views: 1.6ms | Allocations: 416)


Started GET "/cross_origin_storage" for ::1 at 2021-11-28 00:11:41 +0700
Processing by CrossOriginsController#storage as HTML
  Rendering cross_origins/cross_origin_storage.html.erb
  Rendered cross_origins/cross_origin_storage.html.erb (Duration: 0.1ms | Allocations: 38)
Completed 200 OK in 1ms (Views: 0.5ms | Allocations: 416)


Started GET "/cross_origin_storage" for ::1 at 2021-11-28 00:13:21 +0700
Processing by CrossOriginsController#storage as HTML
  Rendering cross_origins/cross_origin_storage.html.erb
  Rendered cross_origins/cross_origin_storage.html.erb (Duration: 0.1ms | Allocations: 40)
Completed 200 OK in 1ms (Views: 0.7ms | Allocations: 652)


Started GET "/cross_origin_storage" for ::1 at 2021-11-28 00:13:24 +0700
Processing by CrossOriginsController#storage as HTML
  Rendering cross_origins/cross_origin_storage.html.erb
  Rendered cross_origins/cross_origin_storage.html.erb (Duration: 0.1ms | Allocations: 38)
Completed 200 OK in 1ms (Views: 0.4ms | Allocations: 416)


Started GET "/cross_origin_storage" for 127.0.0.1 at 2021-11-28 00:14:31 +0700
Processing by CrossOriginsController#storage as HTML
  Rendering cross_origins/cross_origin_storage.html.erb
  Rendered cross_origins/cross_origin_storage.html.erb (Duration: 0.1ms | Allocations: 38)
Completed 200 OK in 1ms (Views: 0.3ms | Allocations: 364)


Started GET "/cross_origin_storage" for 127.0.0.1 at 2021-11-28 00:14:43 +0700
Processing by CrossOriginsController#storage as HTML
  Rendering cross_origins/cross_origin_storage.html.erb
  Rendered cross_origins/cross_origin_storage.html.erb (Duration: 0.1ms | Allocations: 38)
Completed 200 OK in 1ms (Views: 0.4ms | Allocations: 364)


Started GET "/cross_origin_storage" for ::1 at 2021-11-28 00:17:22 +0700
Processing by CrossOriginsController#storage as HTML
  Rendering cross_origins/cross_origin_storage.html.erb
  Rendered cross_origins/cross_origin_storage.html.erb (Duration: 0.2ms | Allocations: 38)
Completed 200 OK in 1ms (Views: 0.7ms | Allocations: 416)


Started GET "/cross_origin_storage" for ::1 at 2021-11-28 00:17:42 +0700
Processing by CrossOriginsController#storage as HTML
  Rendering cross_origins/cross_origin_storage.html.erb
  Rendered cross_origins/cross_origin_storage.html.erb (Duration: 0.1ms | Allocations: 38)
Completed 200 OK in 1ms (Views: 0.8ms | Allocations: 416)


Started GET "/cross_origin_storage" for ::1 at 2021-11-28 00:19:03 +0700
Processing by CrossOriginsController#storage as HTML
  Rendering cross_origins/cross_origin_storage.html.erb
  Rendered cross_origins/cross_origin_storage.html.erb (Duration: 2.3ms | Allocations: 284)
Completed 200 OK in 7ms (Views: 5.7ms | Allocations: 1029)


Started GET "/cross_origin_storage" for ::1 at 2021-11-28 00:19:07 +0700
Processing by CrossOriginsController#storage as HTML
  Rendering cross_origins/cross_origin_storage.html.erb
  Rendered cross_origins/cross_origin_storage.html.erb (Duration: 0.1ms | Allocations: 62)
Completed 200 OK in 1ms (Views: 0.5ms | Allocations: 443)


Started GET "/cross_origin_storage" for ::1 at 2021-11-28 00:21:58 +0700
Processing by CrossOriginsController#storage as HTML
  Rendering cross_origins/cross_origin_storage.html.erb
  Rendered cross_origins/cross_origin_storage.html.erb (Duration: 0.5ms | Allocations: 265)
Completed 200 OK in 2ms (Views: 1.5ms | Allocations: 1011)


Started GET "/cross_origin_storage" for ::1 at 2021-11-28 00:24:02 +0700
  [1m[35m (0.6ms)[0m  [1m[34mSELECT "schema_migrations"."version" FROM "schema_migrations" ORDER BY "schema_migrations"."version" ASC[0m
Processing by CrossOriginsController#storage as HTML
  Rendering cross_origins/cross_origin_storage.html.erb
  Rendered cross_origins/cross_origin_storage.html.erb (Duration: 0.6ms | Allocations: 506)
Completed 200 OK in 8ms (Views: 2.6ms | ActiveRecord: 0.0ms | Allocations: 3228)


Started GET "/cross_origin_storage" for ::1 at 2021-11-28 00:24:10 +0700
Processing by CrossOriginsController#storage as HTML
  Rendering cross_origins/cross_origin_storage.html.erb
  Rendered cross_origins/cross_origin_storage.html.erb (Duration: 0.1ms | Allocations: 70)
Completed 200 OK in 1ms (Views: 0.5ms | ActiveRecord: 0.0ms | Allocations: 480)


Started GET "/cross_origin_storage" for ::1 at 2021-11-28 00:24:12 +0700
Processing by CrossOriginsController#storage as HTML
  Rendering cross_origins/cross_origin_storage.html.erb
  Rendered cross_origins/cross_origin_storage.html.erb (Duration: 0.5ms | Allocations: 70)
Completed 200 OK in 2ms (Views: 1.1ms | ActiveRecord: 0.0ms | Allocations: 477)


Started GET "/cross_origin_storage" for ::1 at 2021-11-28 00:25:20 +0700
Processing by CrossOriginsController#storage as HTML
  Rendering cross_origins/cross_origin_storage.html.erb
  Rendered cross_origins/cross_origin_storage.html.erb (Duration: 0.5ms | Allocations: 261)
Completed 200 OK in 2ms (Views: 1.5ms | ActiveRecord: 0.0ms | Allocations: 1030)


