Started GET "/" for ::1 at 2021-11-27 22:46:54 +0700
  [1m[35m (0.9ms)[0m  [1m[34mSELECT sqlite_version(*)[0m
Processing by Rails::WelcomeController#index as HTML
  Rendering /home/huyphung/.rbenv/versions/3.0.0/lib/ruby/gems/3.0.0/gems/railties-6.1.4.1/lib/rails/templates/rails/welcome/index.html.erb
  Rendered /home/huyphung/.rbenv/versions/3.0.0/lib/ruby/gems/3.0.0/gems/railties-6.1.4.1/lib/rails/templates/rails/welcome/index.html.erb (Duration: 4.5ms | Allocations: 522)
Completed 200 OK in 12ms (Views: 6.7ms | ActiveRecord: 0.0ms | Allocations: 4177)


Started GET "/show" for ::1 at 2021-11-27 23:27:02 +0700
  
ActionController::RoutingError (No route matches [GET] "/show"):
  
Started GET "/home" for ::1 at 2021-11-27 23:27:05 +0700
  
ActionController::RoutingError (No route matches [GET] "/home"):
  
Started GET "/home" for ::1 at 2021-11-27 23:27:07 +0700
  
ActionController::RoutingError (No route matches [GET] "/home"):
  
Started GET "/" for ::1 at 2021-11-27 23:27:10 +0700
Processing by Rails::WelcomeController#index as HTML
  Rendering /home/huyphung/.rbenv/versions/3.0.0/lib/ruby/gems/3.0.0/gems/railties-6.1.4.1/lib/rails/templates/rails/welcome/index.html.erb
  Rendered /home/huyphung/.rbenv/versions/3.0.0/lib/ruby/gems/3.0.0/gems/railties-6.1.4.1/lib/rails/templates/rails/welcome/index.html.erb (Duration: 9.3ms | Allocations: 223)
Completed 200 OK in 16ms (Views: 12.6ms | Allocations: 954)


Started GET "/" for ::1 at 2021-11-27 23:32:46 +0700
Processing by HomeController#show as HTML
  Rendering layout layouts/application.html.erb
  Rendering home/show.html.erb within layouts/application
  Rendered home/show.html.erb within layouts/application (Duration: 0.3ms | Allocations: 109)
[Webpacker] Compiling...
[Webpacker] Compiled all packs in /home/huyphung/workspace/cross-origin/cross-origin-client/public/packs
[Webpacker] Hash: e2a8a876c5815bee1e21
Version: webpack 4.46.0
Time: 1056ms
Built at: 11/27/2021 11:32:48 PM
                                     Asset       Size       Chunks                         Chunk Names
    js/application-e421b4aa3f716bebdab1.js    125 KiB  application  [emitted] [immutable]  application
js/application-e421b4aa3f716bebdab1.js.map    139 KiB  application  [emitted] [dev]        application
                             manifest.json  364 bytes               [emitted]              
Entrypoint application = js/application-e421b4aa3f716bebdab1.js js/application-e421b4aa3f716bebdab1.js.map
[./app/javascript/channels sync recursive _channel\.js$] ./app/javascript/channels sync _channel\.js$ 160 bytes {application} [built]
[./app/javascript/channels/index.js] 211 bytes {application} [built]
[./app/javascript/packs/application.js] 492 bytes {application} [built]
[./node_modules/webpack/buildin/module.js] (webpack)/buildin/module.js 552 bytes {application} [built]
    + 3 hidden modules

  Rendered layout layouts/application.html.erb (Duration: 2039.7ms | Allocations: 14088)
Completed 200 OK in 2042ms (Views: 2040.9ms | Allocations: 15291)


Started GET "/" for ::1 at 2021-11-27 23:44:14 +0700
Processing by HomeController#show as HTML
  Rendering layout layouts/application.html.erb
  Rendering home/show.html.erb within layouts/application
  Rendered home/show.html.erb within layouts/application (Duration: 0.6ms | Allocations: 282)
[Webpacker] Everything's up-to-date. Nothing to do
  Rendered layout layouts/application.html.erb (Duration: 5.3ms | Allocations: 3363)
Completed 200 OK in 9ms (Views: 7.1ms | Allocations: 4597)


Started GET "/" for ::1 at 2021-11-27 23:44:16 +0700
Processing by HomeController#show as HTML
  Rendering layout layouts/application.html.erb
  Rendering home/show.html.erb within layouts/application
  Rendered home/show.html.erb within layouts/application (Duration: 0.5ms | Allocations: 58)
[Webpacker] Everything's up-to-date. Nothing to do
  Rendered layout layouts/application.html.erb (Duration: 13.5ms | Allocations: 2913)
Completed 200 OK in 16ms (Views: 14.7ms | Allocations: 3354)


Started GET "/" for ::1 at 2021-11-27 23:44:17 +0700
Processing by HomeController#show as HTML
  Rendering layout layouts/application.html.erb
  Rendering home/show.html.erb within layouts/application
  Rendered home/show.html.erb within layouts/application (Duration: 0.2ms | Allocations: 58)
[Webpacker] Everything's up-to-date. Nothing to do
  Rendered layout layouts/application.html.erb (Duration: 5.0ms | Allocations: 2906)
Completed 200 OK in 6ms (Views: 5.6ms | Allocations: 3349)


Started GET "/" for ::1 at 2021-11-27 23:44:33 +0700
Processing by HomeController#show as HTML
  Rendering layout layouts/application.html.erb
  Rendering home/show.html.erb within layouts/application
  Rendered home/show.html.erb within layouts/application (Duration: 0.9ms | Allocations: 275)
[Webpacker] Everything's up-to-date. Nothing to do
  Rendered layout layouts/application.html.erb (Duration: 9.8ms | Allocations: 3355)
Completed 200 OK in 14ms (Views: 12.7ms | Allocations: 4556)


Started GET "/" for ::1 at 2021-11-27 23:44:40 +0700
Processing by HomeController#show as HTML
  Rendering layout layouts/application.html.erb
  Rendering home/show.html.erb within layouts/application
  Rendered home/show.html.erb within layouts/application (Duration: 0.7ms | Allocations: 272)
[Webpacker] Everything's up-to-date. Nothing to do
  Rendered layout layouts/application.html.erb (Duration: 5.9ms | Allocations: 3352)
Completed 200 OK in 10ms (Views: 8.6ms | Allocations: 4549)


Started GET "/" for ::1 at 2021-11-27 23:45:47 +0700
Processing by HomeController#show as HTML
  Rendering layout layouts/application.html.erb
  Rendering home/show.html.erb within layouts/application
  Rendered home/show.html.erb within layouts/application (Duration: 1.0ms | Allocations: 270)
[Webpacker] Everything's up-to-date. Nothing to do
  Rendered layout layouts/application.html.erb (Duration: 10.0ms | Allocations: 3350)
Completed 200 OK in 17ms (Views: 14.6ms | Allocations: 4547)


Started GET "/" for ::1 at 2021-11-27 23:46:11 +0700
Processing by HomeController#show as HTML
  Rendering layout layouts/application.html.erb
  Rendering home/show.html.erb within layouts/application
  Rendered home/show.html.erb within layouts/application (Duration: 0.7ms | Allocations: 271)
[Webpacker] Everything's up-to-date. Nothing to do
  Rendered layout layouts/application.html.erb (Duration: 6.3ms | Allocations: 3351)
Completed 200 OK in 10ms (Views: 8.5ms | Allocations: 4549)


Started GET "/" for ::1 at 2021-11-27 23:46:13 +0700
Processing by HomeController#show as HTML
  Rendering layout layouts/application.html.erb
  Rendering home/show.html.erb within layouts/application
  Rendered home/show.html.erb within layouts/application (Duration: 0.2ms | Allocations: 58)
[Webpacker] Everything's up-to-date. Nothing to do
  Rendered layout layouts/application.html.erb (Duration: 6.5ms | Allocations: 2912)
Completed 200 OK in 8ms (Views: 7.2ms | Allocations: 3351)


Started GET "/" for ::1 at 2021-11-27 23:47:11 +0700
Processing by HomeController#show as HTML
  Rendering layout layouts/application.html.erb
  Rendering home/show.html.erb within layouts/application
  Rendered home/show.html.erb within layouts/application (Duration: 0.9ms | Allocations: 274)
[Webpacker] Everything's up-to-date. Nothing to do
  Rendered layout layouts/application.html.erb (Duration: 6.0ms | Allocations: 3362)
Completed 200 OK in 9ms (Views: 7.9ms | Allocations: 4565)


Started GET "/" for ::1 at 2021-11-27 23:47:15 +0700
Processing by HomeController#show as HTML
  Rendering layout layouts/application.html.erb
  Rendering home/show.html.erb within layouts/application
  Rendered home/show.html.erb within layouts/application (Duration: 0.3ms | Allocations: 58)
[Webpacker] Everything's up-to-date. Nothing to do
  Rendered layout layouts/application.html.erb (Duration: 12.2ms | Allocations: 2904)
Completed 200 OK in 15ms (Views: 13.4ms | Allocations: 3343)


Started GET "/" for ::1 at 2021-11-27 23:47:55 +0700
Processing by HomeController#show as HTML
  Rendering layout layouts/application.html.erb
  Rendering home/show.html.erb within layouts/application
  Rendered home/show.html.erb within layouts/application (Duration: 1.1ms | Allocations: 270)
[Webpacker] Everything's up-to-date. Nothing to do
  Rendered layout layouts/application.html.erb (Duration: 8.7ms | Allocations: 3350)
Completed 200 OK in 16ms (Views: 12.6ms | Allocations: 4551)


Started GET "/" for ::1 at 2021-11-27 23:48:17 +0700
Processing by HomeController#show as HTML
  Rendering layout layouts/application.html.erb
  Rendering home/show.html.erb within layouts/application
  Rendered home/show.html.erb within layouts/application (Duration: 1.8ms | Allocations: 271)
[Webpacker] Everything's up-to-date. Nothing to do
  Rendered layout layouts/application.html.erb (Duration: 14.7ms | Allocations: 3351)
Completed 200 OK in 23ms (Views: 18.9ms | Allocations: 4548)


Started GET "/" for ::1 at 2021-11-27 23:48:26 +0700
Processing by HomeController#show as HTML
  Rendering layout layouts/application.html.erb
  Rendering home/show.html.erb within layouts/application
  Rendered home/show.html.erb within layouts/application (Duration: 0.2ms | Allocations: 58)
[Webpacker] Everything's up-to-date. Nothing to do
  Rendered layout layouts/application.html.erb (Duration: 6.1ms | Allocations: 2904)
Completed 200 OK in 8ms (Views: 6.9ms | Allocations: 3343)


Started GET "/" for ::1 at 2021-11-27 23:48:30 +0700
Processing by HomeController#show as HTML
  Rendering layout layouts/application.html.erb
  Rendering home/show.html.erb within layouts/application
  Rendered home/show.html.erb within layouts/application (Duration: 0.3ms | Allocations: 58)
[Webpacker] Everything's up-to-date. Nothing to do
  Rendered layout layouts/application.html.erb (Duration: 11.9ms | Allocations: 2904)
Completed 200 OK in 14ms (Views: 13.2ms | Allocations: 3342)


Started GET "/" for ::1 at 2021-11-27 23:48:43 +0700
Processing by HomeController#show as HTML
  Rendering layout layouts/application.html.erb
  Rendering home/show.html.erb within layouts/application
  Rendered home/show.html.erb within layouts/application (Duration: 0.3ms | Allocations: 58)
[Webpacker] Everything's up-to-date. Nothing to do
  Rendered layout layouts/application.html.erb (Duration: 10.9ms | Allocations: 2904)
Completed 200 OK in 13ms (Views: 12.0ms | Allocations: 3342)


Started GET "/" for ::1 at 2021-11-27 23:48:48 +0700
Processing by HomeController#show as HTML
  Rendering layout layouts/application.html.erb
  Rendering home/show.html.erb within layouts/application
  Rendered home/show.html.erb within layouts/application (Duration: 0.3ms | Allocations: 58)
[Webpacker] Everything's up-to-date. Nothing to do
  Rendered layout layouts/application.html.erb (Duration: 12.4ms | Allocations: 2907)
Completed 200 OK in 16ms (Views: 14.4ms | Allocations: 3345)


Started GET "/" for ::1 at 2021-11-27 23:49:36 +0700
Processing by HomeController#show as HTML
  Rendering layout layouts/application.html.erb
  Rendering home/show.html.erb within layouts/application
  Rendered home/show.html.erb within layouts/application (Duration: 0.5ms | Allocations: 278)
[Webpacker] Everything's up-to-date. Nothing to do
  Rendered layout layouts/application.html.erb (Duration: 7.7ms | Allocations: 3366)
Completed 200 OK in 11ms (Views: 10.0ms | Allocations: 4569)


Started GET "/" for ::1 at 2021-11-27 23:49:40 +0700
Processing by HomeController#show as HTML
  Rendering layout layouts/application.html.erb
  Rendering home/show.html.erb within layouts/application
  Rendered home/show.html.erb within layouts/application (Duration: 0.3ms | Allocations: 58)
[Webpacker] Everything's up-to-date. Nothing to do
  Rendered layout layouts/application.html.erb (Duration: 11.9ms | Allocations: 2904)
Completed 200 OK in 14ms (Views: 13.1ms | Allocations: 3343)


Started GET "/" for ::1 at 2021-11-27 23:50:33 +0700
Processing by HomeController#show as HTML
  Rendering layout layouts/application.html.erb
  Rendering home/show.html.erb within layouts/application
  Rendered home/show.html.erb within layouts/application (Duration: 0.3ms | Allocations: 58)
[Webpacker] Everything's up-to-date. Nothing to do
  Rendered layout layouts/application.html.erb (Duration: 6.2ms | Allocations: 2904)
Completed 200 OK in 8ms (Views: 7.4ms | Allocations: 3342)


Started GET "/" for ::1 at 2021-11-27 23:51:05 +0700
Processing by HomeController#show as HTML
  Rendering layout layouts/application.html.erb
  Rendering home/show.html.erb within layouts/application
  Rendered home/show.html.erb within layouts/application (Duration: 0.3ms | Allocations: 58)
[Webpacker] Everything's up-to-date. Nothing to do
  Rendered layout layouts/application.html.erb (Duration: 9.1ms | Allocations: 2904)
Completed 200 OK in 11ms (Views: 10.3ms | Allocations: 3342)


Started GET "/" for ::1 at 2021-11-27 23:51:08 +0700
Processing by HomeController#show as HTML
  Rendering layout layouts/application.html.erb
  Rendering home/show.html.erb within layouts/application
  Rendered home/show.html.erb within layouts/application (Duration: 0.3ms | Allocations: 58)
[Webpacker] Everything's up-to-date. Nothing to do
  Rendered layout layouts/application.html.erb (Duration: 12.0ms | Allocations: 2904)
Completed 200 OK in 15ms (Views: 13.2ms | Allocations: 3342)


Started GET "/" for ::1 at 2021-11-27 23:51:59 +0700
Processing by HomeController#show as HTML
  Rendering layout layouts/application.html.erb
  Rendering home/show.html.erb within layouts/application
  Rendered home/show.html.erb within layouts/application (Duration: 0.3ms | Allocations: 58)
[Webpacker] Everything's up-to-date. Nothing to do
  Rendered layout layouts/application.html.erb (Duration: 11.7ms | Allocations: 2904)
Completed 200 OK in 14ms (Views: 12.8ms | Allocations: 3342)


Started GET "/" for 127.0.0.1 at 2021-11-27 23:52:46 +0700
Processing by HomeController#show as HTML
  Rendering layout layouts/application.html.erb
  Rendering home/show.html.erb within layouts/application
  Rendered home/show.html.erb within layouts/application (Duration: 0.1ms | Allocations: 58)
[Webpacker] Everything's up-to-date. Nothing to do
  Rendered layout layouts/application.html.erb (Duration: 3.4ms | Allocations: 2917)
Completed 200 OK in 4ms (Views: 3.9ms | Allocations: 3303)


Started GET "/" for 127.0.0.1 at 2021-11-27 23:52:52 +0700
Processing by HomeController#show as HTML
  Rendering layout layouts/application.html.erb
  Rendering home/show.html.erb within layouts/application
  Rendered home/show.html.erb within layouts/application (Duration: 0.1ms | Allocations: 58)
[Webpacker] Everything's up-to-date. Nothing to do
  Rendered layout layouts/application.html.erb (Duration: 3.1ms | Allocations: 2909)
Completed 200 OK in 4ms (Views: 3.6ms | Allocations: 3347)


Started GET "/" for ::1 at 2021-11-27 23:54:35 +0700
Processing by HomeController#show as HTML
  Rendering layout layouts/application.html.erb
  Rendering home/show.html.erb within layouts/application
  Rendered home/show.html.erb within layouts/application (Duration: 0.4ms | Allocations: 58)
[Webpacker] Everything's up-to-date. Nothing to do
  Rendered layout layouts/application.html.erb (Duration: 11.9ms | Allocations: 2907)
Completed 200 OK in 14ms (Views: 12.8ms | Allocations: 3346)


Started GET "/" for ::1 at 2021-11-27 23:54:57 +0700
Processing by HomeController#show as HTML
  Rendering layout layouts/application.html.erb
  Rendering home/show.html.erb within layouts/application
  Rendered home/show.html.erb within layouts/application (Duration: 0.1ms | Allocations: 58)
[Webpacker] Everything's up-to-date. Nothing to do
  Rendered layout layouts/application.html.erb (Duration: 2.8ms | Allocations: 2912)
Completed 200 OK in 3ms (Views: 3.1ms | Allocations: 3351)


Started GET "/" for ::1 at 2021-11-27 23:56:40 +0700
Processing by HomeController#show as HTML
  Rendering layout layouts/application.html.erb
  Rendering home/show.html.erb within layouts/application
  Rendered home/show.html.erb within layouts/application (Duration: 0.6ms | Allocations: 278)
[Webpacker] Everything's up-to-date. Nothing to do
  Rendered layout layouts/application.html.erb (Duration: 6.3ms | Allocations: 3358)
Completed 200 OK in 11ms (Views: 9.0ms | Allocations: 4562)


Started GET "/" for ::1 at 2021-11-27 23:56:43 +0700
Processing by HomeController#show as HTML
  Rendering layout layouts/application.html.erb
  Rendering home/show.html.erb within layouts/application
  Rendered home/show.html.erb within layouts/application (Duration: 0.2ms | Allocations: 58)
[Webpacker] Everything's up-to-date. Nothing to do
  Rendered layout layouts/application.html.erb (Duration: 5.0ms | Allocations: 2904)
Completed 200 OK in 6ms (Views: 5.6ms | Allocations: 3343)


Started GET "/" for ::1 at 2021-11-27 23:57:27 +0700
Processing by HomeController#show as HTML
  Rendering layout layouts/application.html.erb
  Rendering home/show.html.erb within layouts/application
  Rendered home/show.html.erb within layouts/application (Duration: 1.4ms | Allocations: 281)
[Webpacker] Everything's up-to-date. Nothing to do
  Rendered layout layouts/application.html.erb (Duration: 13.1ms | Allocations: 3360)
Completed 200 OK in 20ms (Views: 17.2ms | Allocations: 4556)


Started GET "/" for ::1 at 2021-11-27 23:57:40 +0700
Processing by HomeController#show as HTML
  Rendering layout layouts/application.html.erb
  Rendering home/show.html.erb within layouts/application
  Rendered home/show.html.erb within layouts/application (Duration: 0.6ms | Allocations: 284)
[Webpacker] Everything's up-to-date. Nothing to do
  Rendered layout layouts/application.html.erb (Duration: 6.0ms | Allocations: 3363)
Completed 200 OK in 10ms (Views: 8.4ms | Allocations: 4560)


Started GET "/" for 127.0.0.1 at 2021-11-27 23:57:51 +0700
Processing by HomeController#show as HTML
  Rendering layout layouts/application.html.erb
  Rendering home/show.html.erb within layouts/application
  Rendered home/show.html.erb within layouts/application (Duration: 0.1ms | Allocations: 62)
[Webpacker] Everything's up-to-date. Nothing to do
  Rendered layout layouts/application.html.erb (Duration: 3.2ms | Allocations: 2908)
Completed 200 OK in 4ms (Views: 3.6ms | Allocations: 3347)


Started GET "/" for ::1 at 2021-11-27 23:58:58 +0700
Processing by HomeController#show as HTML
  Rendering layout layouts/application.html.erb
  Rendering home/show.html.erb within layouts/application
  Rendered home/show.html.erb within layouts/application (Duration: 0.3ms | Allocations: 62)
[Webpacker] Everything's up-to-date. Nothing to do
  Rendered layout layouts/application.html.erb (Duration: 11.8ms | Allocations: 2913)
Completed 200 OK in 14ms (Views: 13.3ms | Allocations: 3351)


Started GET "/" for 127.0.0.1 at 2021-11-27 23:59:04 +0700
Processing by HomeController#show as HTML
  Rendering layout layouts/application.html.erb
  Rendering home/show.html.erb within layouts/application
  Rendered home/show.html.erb within layouts/application (Duration: 0.1ms | Allocations: 62)
[Webpacker] Everything's up-to-date. Nothing to do
  Rendered layout layouts/application.html.erb (Duration: 3.5ms | Allocations: 2914)
Completed 200 OK in 4ms (Views: 3.9ms | Allocations: 3354)


Started GET "/" for ::1 at 2021-11-27 23:59:26 +0700
Processing by HomeController#show as HTML
  Rendering layout layouts/application.html.erb
  Rendering home/show.html.erb within layouts/application
  Rendered home/show.html.erb within layouts/application (Duration: 0.5ms | Allocations: 62)
[Webpacker] Everything's up-to-date. Nothing to do
  Rendered layout layouts/application.html.erb (Duration: 13.0ms | Allocations: 2916)
Completed 200 OK in 15ms (Views: 14.1ms | Allocations: 3356)


Started GET "/" for ::1 at 2021-11-27 23:59:32 +0700
Processing by HomeController#show as HTML
  Rendering layout layouts/application.html.erb
  Rendering home/show.html.erb within layouts/application
  Rendered home/show.html.erb within layouts/application (Duration: 0.2ms | Allocations: 62)
[Webpacker] Everything's up-to-date. Nothing to do
  Rendered layout layouts/application.html.erb (Duration: 5.1ms | Allocations: 2908)
Completed 200 OK in 6ms (Views: 5.7ms | Allocations: 3346)


Started GET "/" for ::1 at 2021-11-28 00:00:15 +0700
Processing by HomeController#show as HTML
  Rendering layout layouts/application.html.erb
  Rendering home/show.html.erb within layouts/application
  Rendered home/show.html.erb within layouts/application (Duration: 0.2ms | Allocations: 62)
[Webpacker] Everything's up-to-date. Nothing to do
  Rendered layout layouts/application.html.erb (Duration: 5.8ms | Allocations: 2908)
Completed 200 OK in 7ms (Views: 6.4ms | Allocations: 3346)


Started GET "/" for ::1 at 2021-11-28 00:00:16 +0700
Processing by HomeController#show as HTML
  Rendering layout layouts/application.html.erb
  Rendering home/show.html.erb within layouts/application
  Rendered home/show.html.erb within layouts/application (Duration: 0.3ms | Allocations: 62)
[Webpacker] Everything's up-to-date. Nothing to do
  Rendered layout layouts/application.html.erb (Duration: 9.9ms | Allocations: 2908)
Completed 200 OK in 14ms (Views: 11.2ms | Allocations: 3346)


Started GET "/" for ::1 at 2021-11-28 00:00:17 +0700
Processing by HomeController#show as HTML
  Rendering layout layouts/application.html.erb
  Rendering home/show.html.erb within layouts/application
  Rendered home/show.html.erb within layouts/application (Duration: 0.3ms | Allocations: 62)
[Webpacker] Everything's up-to-date. Nothing to do
  Rendered layout layouts/application.html.erb (Duration: 10.9ms | Allocations: 2908)
Completed 200 OK in 13ms (Views: 12.1ms | Allocations: 3346)


Started GET "/" for ::1 at 2021-11-28 00:00:56 +0700
Processing by HomeController#show as HTML
  Rendering layout layouts/application.html.erb
  Rendering home/show.html.erb within layouts/application
  Rendered home/show.html.erb within layouts/application (Duration: 0.6ms | Allocations: 289)
[Webpacker] Everything's up-to-date. Nothing to do
  Rendered layout layouts/application.html.erb (Duration: 5.9ms | Allocations: 3368)
Completed 200 OK in 8ms (Views: 7.5ms | Allocations: 4569)


Started GET "/" for ::1 at 2021-11-28 00:06:32 +0700
Processing by HomeController#show as HTML
  Rendering layout layouts/application.html.erb
  Rendering home/show.html.erb within layouts/application
  Rendered home/show.html.erb within layouts/application (Duration: 0.5ms | Allocations: 62)
[Webpacker] Everything's up-to-date. Nothing to do
  Rendered layout layouts/application.html.erb (Duration: 12.3ms | Allocations: 2908)
Completed 200 OK in 15ms (Views: 13.5ms | Allocations: 3347)


Started GET "/" for ::1 at 2021-11-28 00:06:34 +0700
Processing by HomeController#show as HTML
  Rendering layout layouts/application.html.erb
  Rendering home/show.html.erb within layouts/application
  Rendered home/show.html.erb within layouts/application (Duration: 0.4ms | Allocations: 62)
[Webpacker] Everything's up-to-date. Nothing to do
  Rendered layout layouts/application.html.erb (Duration: 7.5ms | Allocations: 2921)
Completed 200 OK in 9ms (Views: 8.1ms | Allocations: 3360)


Started GET "/" for ::1 at 2021-11-28 00:07:35 +0700
Processing by HomeController#show as HTML
  Rendering layout layouts/application.html.erb
  Rendering home/show.html.erb within layouts/application
  Rendered home/show.html.erb within layouts/application (Duration: 0.4ms | Allocations: 62)
[Webpacker] Everything's up-to-date. Nothing to do
  Rendered layout layouts/application.html.erb (Duration: 12.8ms | Allocations: 2914)
Completed 200 OK in 15ms (Views: 14.0ms | Allocations: 3354)


Started GET "/" for ::1 at 2021-11-28 00:07:49 +0700
Processing by HomeController#show as HTML
  Rendering layout layouts/application.html.erb
  Rendering home/show.html.erb within layouts/application
  Rendered home/show.html.erb within layouts/application (Duration: 0.4ms | Allocations: 62)
[Webpacker] Everything's up-to-date. Nothing to do
  Rendered layout layouts/application.html.erb (Duration: 11.7ms | Allocations: 2908)
Completed 200 OK in 14ms (Views: 12.9ms | Allocations: 3347)


Started GET "/" for ::1 at 2021-11-28 00:08:19 +0700
Processing by HomeController#show as HTML
  Rendering layout layouts/application.html.erb
  Rendering home/show.html.erb within layouts/application
  Rendered home/show.html.erb within layouts/application (Duration: 0.2ms | Allocations: 62)
[Webpacker] Everything's up-to-date. Nothing to do
  Rendered layout layouts/application.html.erb (Duration: 6.2ms | Allocations: 2908)
Completed 200 OK in 8ms (Views: 7.4ms | Allocations: 3346)


Started GET "/" for ::1 at 2021-11-28 00:08:45 +0700
Processing by HomeController#show as HTML
  Rendering layout layouts/application.html.erb
  Rendering home/show.html.erb within layouts/application
  Rendered home/show.html.erb within layouts/application (Duration: 0.3ms | Allocations: 62)
[Webpacker] Everything's up-to-date. Nothing to do
  Rendered layout layouts/application.html.erb (Duration: 9.7ms | Allocations: 2908)
Completed 200 OK in 12ms (Views: 10.8ms | Allocations: 3346)


Started GET "/" for ::1 at 2021-11-28 00:09:29 +0700
Processing by HomeController#show as HTML
  Rendering layout layouts/application.html.erb
  Rendering home/show.html.erb within layouts/application
  Rendered home/show.html.erb within layouts/application (Duration: 1.4ms | Allocations: 290)
[Webpacker] Everything's up-to-date. Nothing to do
  Rendered layout layouts/application.html.erb (Duration: 13.6ms | Allocations: 3369)
Completed 200 OK in 21ms (Views: 17.8ms | Allocations: 4570)


Started GET "/" for ::1 at 2021-11-28 00:10:02 +0700
Processing by HomeController#show as HTML
  Rendering layout layouts/application.html.erb
  Rendering home/show.html.erb within layouts/application
  Rendered home/show.html.erb within layouts/application (Duration: 0.5ms | Allocations: 62)
[Webpacker] Everything's up-to-date. Nothing to do
  Rendered layout layouts/application.html.erb (Duration: 13.7ms | Allocations: 2908)
Completed 200 OK in 17ms (Views: 15.2ms | Allocations: 3347)


Started GET "/" for ::1 at 2021-11-28 00:11:04 +0700
Processing by HomeController#show as HTML
  Rendering layout layouts/application.html.erb
  Rendering home/show.html.erb within layouts/application
  Rendered home/show.html.erb within layouts/application (Duration: 0.6ms | Allocations: 291)
[Webpacker] Everything's up-to-date. Nothing to do
  Rendered layout layouts/application.html.erb (Duration: 5.7ms | Allocations: 3370)
Completed 200 OK in 9ms (Views: 7.5ms | Allocations: 4571)


Started GET "/" for ::1 at 2021-11-28 00:11:24 +0700
Processing by HomeController#show as HTML
  Rendering layout layouts/application.html.erb
  Rendering home/show.html.erb within layouts/application
  Rendered home/show.html.erb within layouts/application (Duration: 1.4ms | Allocations: 296)
[Webpacker] Everything's up-to-date. Nothing to do
  Rendered layout layouts/application.html.erb (Duration: 13.3ms | Allocations: 3383)
Completed 200 OK in 20ms (Views: 17.4ms | Allocations: 4587)


Started GET "/" for ::1 at 2021-11-28 00:11:41 +0700
Processing by HomeController#show as HTML
  Rendering layout layouts/application.html.erb
  Rendering home/show.html.erb within layouts/application
  Rendered home/show.html.erb within layouts/application (Duration: 1.4ms | Allocations: 294)
[Webpacker] Everything's up-to-date. Nothing to do
  Rendered layout layouts/application.html.erb (Duration: 11.5ms | Allocations: 3381)
Completed 200 OK in 17ms (Views: 15.3ms | Allocations: 4580)


Started GET "/" for ::1 at 2021-11-28 00:13:21 +0700
Processing by HomeController#show as HTML
  Rendering layout layouts/application.html.erb
  Rendering home/show.html.erb within layouts/application
  Rendered home/show.html.erb within layouts/application (Duration: 0.4ms | Allocations: 293)
[Webpacker] Everything's up-to-date. Nothing to do
  Rendered layout layouts/application.html.erb (Duration: 3.3ms | Allocations: 3360)
Completed 200 OK in 5ms (Views: 4.5ms | Allocations: 4649)


Started GET "/" for ::1 at 2021-11-28 00:13:23 +0700
Processing by HomeController#show as HTML
  Rendering layout layouts/application.html.erb
  Rendering home/show.html.erb within layouts/application
  Rendered home/show.html.erb within layouts/application (Duration: 0.3ms | Allocations: 62)
[Webpacker] Everything's up-to-date. Nothing to do
  Rendered layout layouts/application.html.erb (Duration: 6.4ms | Allocations: 2917)
Completed 200 OK in 8ms (Views: 7.2ms | Allocations: 3368)


Started GET "/" for 127.0.0.1 at 2021-11-28 00:14:31 +0700
Processing by HomeController#show as HTML
  Rendering layout layouts/application.html.erb
  Rendering home/show.html.erb within layouts/application
  Rendered home/show.html.erb within layouts/application (Duration: 0.4ms | Allocations: 293)
[Webpacker] Everything's up-to-date. Nothing to do
  Rendered layout layouts/application.html.erb (Duration: 5.4ms | Allocations: 3385)
Completed 200 OK in 7ms (Views: 6.5ms | Allocations: 4600)


Started GET "/" for 127.0.0.1 at 2021-11-28 00:14:43 +0700
Processing by HomeController#show as HTML
  Rendering layout layouts/application.html.erb
  Rendering home/show.html.erb within layouts/application
  Rendered home/show.html.erb within layouts/application (Duration: 0.1ms | Allocations: 62)
[Webpacker] Everything's up-to-date. Nothing to do
  Rendered layout layouts/application.html.erb (Duration: 3.0ms | Allocations: 2925)
Completed 200 OK in 4ms (Views: 3.3ms | Allocations: 3379)


Started GET "/" for ::1 at 2021-11-28 00:19:07 +0700
Processing by HomeController#show as HTML
  Rendering layout layouts/application.html.erb
  Rendering home/show.html.erb within layouts/application
  Rendered home/show.html.erb within layouts/application (Duration: 0.3ms | Allocations: 62)
[Webpacker] Everything's up-to-date. Nothing to do
  Rendered layout layouts/application.html.erb (Duration: 7.7ms | Allocations: 2921)
Completed 200 OK in 10ms (Views: 8.8ms | Allocations: 3372)


Started GET "/" for ::1 at 2021-11-28 00:21:58 +0700
Processing by HomeController#show as HTML
  Rendering layout layouts/application.html.erb
  Rendering home/show.html.erb within layouts/application
  Rendered home/show.html.erb within layouts/application (Duration: 0.3ms | Allocations: 62)
[Webpacker] Everything's up-to-date. Nothing to do
  Rendered layout layouts/application.html.erb (Duration: 8.5ms | Allocations: 2917)
Completed 200 OK in 10ms (Views: 9.5ms | Allocations: 3369)


Started GET "/" for ::1 at 2021-11-28 00:23:46 +0700
Processing by HomeController#show as HTML
  Rendering layout layouts/application.html.erb
  Rendering home/show.html.erb within layouts/application
  Rendered home/show.html.erb within layouts/application (Duration: 0.2ms | Allocations: 62)
[Webpacker] Everything's up-to-date. Nothing to do
  Rendered layout layouts/application.html.erb (Duration: 6.2ms | Allocations: 2917)
Completed 200 OK in 8ms (Views: 6.9ms | Allocations: 3368)


Started GET "/" for ::1 at 2021-11-28 00:24:02 +0700
Processing by HomeController#show as HTML
  Rendering layout layouts/application.html.erb
  Rendering home/show.html.erb within layouts/application
  Rendered home/show.html.erb within layouts/application (Duration: 0.3ms | Allocations: 62)
[Webpacker] Everything's up-to-date. Nothing to do
  Rendered layout layouts/application.html.erb (Duration: 11.9ms | Allocations: 2917)
Completed 200 OK in 15ms (Views: 13.1ms | Allocations: 3368)


Started GET "/" for ::1 at 2021-11-28 00:24:10 +0700
Processing by HomeController#show as HTML
  Rendering layout layouts/application.html.erb
  Rendering home/show.html.erb within layouts/application
  Rendered home/show.html.erb within layouts/application (Duration: 0.3ms | Allocations: 62)
[Webpacker] Everything's up-to-date. Nothing to do
  Rendered layout layouts/application.html.erb (Duration: 8.3ms | Allocations: 2917)
Completed 200 OK in 11ms (Views: 9.5ms | Allocations: 3368)


Started GET "/" for ::1 at 2021-11-28 00:25:20 +0700
Processing by HomeController#show as HTML
  Rendering layout layouts/application.html.erb
  Rendering home/show.html.erb within layouts/application
  Rendered home/show.html.erb within layouts/application (Duration: 1.5ms | Allocations: 295)
[Webpacker] Everything's up-to-date. Nothing to do
  Rendered layout layouts/application.html.erb (Duration: 9.9ms | Allocations: 3383)
Completed 200 OK in 17ms (Views: 14.1ms | Allocations: 4597)


